mode: atomic
github.com/topfreegames/maestro-cli/login/login.go:27.71,28.23 1 5
github.com/topfreegames/maestro-cli/login/login.go:31.2,35.3 1 5
github.com/topfreegames/maestro-cli/login/login.go:28.23,30.3 1 0
github.com/topfreegames/maestro-cli/login/login.go:38.57,41.16 3 4
github.com/topfreegames/maestro-cli/login/login.go:44.2,44.29 1 3
github.com/topfreegames/maestro-cli/login/login.go:47.2,52.16 5 2
github.com/topfreegames/maestro-cli/login/login.go:55.2,55.12 1 1
github.com/topfreegames/maestro-cli/login/login.go:41.16,43.3 1 1
github.com/topfreegames/maestro-cli/login/login.go:44.29,46.3 1 1
github.com/topfreegames/maestro-cli/login/login.go:52.16,54.3 1 1
github.com/topfreegames/maestro-cli/login/login.go:58.40,62.22 3 0
github.com/topfreegames/maestro-cli/login/login.go:71.2,72.43 2 0
github.com/topfreegames/maestro-cli/login/login.go:63.17,65.33 2 0
github.com/topfreegames/maestro-cli/login/login.go:66.16,67.15 1 0
github.com/topfreegames/maestro-cli/login/login.go:68.10,69.19 1 0
github.com/topfreegames/maestro-cli/login/google_callback.go:25.9,26.28 1 4
github.com/topfreegames/maestro-cli/login/google_callback.go:31.2,33.16 3 3
github.com/topfreegames/maestro-cli/login/google_callback.go:37.2,37.29 1 2
github.com/topfreegames/maestro-cli/login/google_callback.go:41.2,47.12 6 1
github.com/topfreegames/maestro-cli/login/google_callback.go:26.28,29.3 2 1
github.com/topfreegames/maestro-cli/login/google_callback.go:33.16,35.3 1 1
github.com/topfreegames/maestro-cli/login/google_callback.go:37.29,39.3 1 1
